Reusing 7000 files from subspace_big_i100/sample.json (--num-files ignored)
Sampling 7000 files x 12288 tokens = 86,016,000 tokens (352.3 GB fp16 in RAM) | sample fingerprint 82ca602ed7e7
  loaded 100/7000 files (16.7 files/s)
  loaded 200/7000 files (17.1 files/s)
  loaded 300/7000 files (17.2 files/s)
  loaded 400/7000 files (17.2 files/s)
  loaded 500/7000 files (17.3 files/s)
  loaded 600/7000 files (17.4 files/s)
  loaded 700/7000 files (17.6 files/s)
  loaded 800/7000 files (17.7 files/s)
  loaded 900/7000 files (17.9 files/s)
  loaded 1000/7000 files (18.0 files/s)
  loaded 1100/7000 files (18.1 files/s)
  loaded 1200/7000 files (18.1 files/s)
  loaded 1300/7000 files (18.2 files/s)
  loaded 1400/7000 files (18.3 files/s)
  loaded 1500/7000 files (18.3 files/s)
  loaded 1600/7000 files (18.3 files/s)
  loaded 1700/7000 files (18.3 files/s)
  loaded 1800/7000 files (18.4 files/s)
  loaded 1900/7000 files (18.4 files/s)
  loaded 2000/7000 files (18.4 files/s)
  loaded 2100/7000 files (18.4 files/s)
  loaded 2200/7000 files (18.4 files/s)
  loaded 2300/7000 files (18.4 files/s)
  loaded 2400/7000 files (18.4 files/s)
  loaded 2500/7000 files (18.2 files/s)
  loaded 2600/7000 files (18.2 files/s)
  loaded 2700/7000 files (18.1 files/s)
  loaded 2800/7000 files (18.1 files/s)
  loaded 2900/7000 files (18.1 files/s)
  loaded 3000/7000 files (18.1 files/s)
  loaded 3100/7000 files (18.1 files/s)
  loaded 3200/7000 files (18.0 files/s)
  loaded 3300/7000 files (18.0 files/s)
  loaded 3400/7000 files (18.0 files/s)
  loaded 3500/7000 files (17.9 files/s)
  loaded 3600/7000 files (17.9 files/s)
  loaded 3700/7000 files (17.9 files/s)
  loaded 3800/7000 files (17.9 files/s)
  loaded 3900/7000 files (17.9 files/s)
  loaded 4000/7000 files (17.9 files/s)
  loaded 4100/7000 files (17.9 files/s)
  loaded 4200/7000 files (18.0 files/s)
  loaded 4300/7000 files (18.0 files/s)
  loaded 4400/7000 files (18.0 files/s)
  loaded 4500/7000 files (18.0 files/s)
  loaded 4600/7000 files (18.0 files/s)
  loaded 4700/7000 files (18.0 files/s)
  loaded 4800/7000 files (18.0 files/s)
  loaded 4900/7000 files (18.0 files/s)
  loaded 5000/7000 files (17.9 files/s)
  loaded 5100/7000 files (17.9 files/s)
  loaded 5200/7000 files (17.9 files/s)
  loaded 5300/7000 files (17.9 files/s)
  loaded 5400/7000 files (17.8 files/s)
  loaded 5500/7000 files (17.8 files/s)
  loaded 5600/7000 files (17.8 files/s)
  loaded 5700/7000 files (17.8 files/s)
  loaded 5800/7000 files (17.8 files/s)
  loaded 5900/7000 files (17.8 files/s)
  loaded 6000/7000 files (17.8 files/s)
  loaded 6100/7000 files (17.8 files/s)
  loaded 6200/7000 files (17.8 files/s)
  loaded 6300/7000 files (17.8 files/s)
  loaded 6400/7000 files (17.8 files/s)
  loaded 6500/7000 files (17.8 files/s)
  loaded 6600/7000 files (17.8 files/s)
  loaded 6700/7000 files (17.8 files/s)
  loaded 6800/7000 files (17.7 files/s)
  loaded 6900/7000 files (17.8 files/s)
  loaded 7000/7000 files (17.8 files/s)
  re-seeding cluster 8 (size 221)
  re-seeding cluster 65 (size 127)
iter  1: obj/token=7659.1961  changed=100.0000%  sizes[min/med/max]=127/39715/23702502  (146.2s)
  re-seeding cluster 8 (size 1)
  re-seeding cluster 65 (size 1)
iter  2: obj/token=1537.7120  changed=82.0543%  sizes[min/med/max]=1/529590/3046976  (287.7s)
  re-seeding cluster 8 (size 2)
  re-seeding cluster 65 (size 1)
iter  3: obj/token=1254.7404  changed=39.8892%  sizes[min/med/max]=1/632577/1956018  (320.5s)
  re-seeding cluster 8 (size 1)
  re-seeding cluster 65 (size 1)
iter  4: obj/token=1183.1775  changed=21.7408%  sizes[min/med/max]=1/632887/1847308  (324.5s)
  re-seeding cluster 8 (size 1)
  re-seeding cluster 65 (size 1)
iter  5: obj/token=1148.5595  changed=14.9491%  sizes[min/med/max]=1/628192/1802821  (332.3s)
  re-seeding cluster 8 (size 1)
  re-seeding cluster 65 (size 1)
iter  6: obj/token=1126.7759  changed=10.7880%  sizes[min/med/max]=1/629196/1782011  (326.0s)
  re-seeding cluster 8 (size 1)
  re-seeding cluster 65 (size 1)
iter  7: obj/token=1112.2035  changed=8.1684%  sizes[min/med/max]=1/644771/1761839  (325.9s)
  re-seeding cluster 8 (size 1)
  re-seeding cluster 65 (size 1)
iter  8: obj/token=1101.7934  changed=6.2534%  sizes[min/med/max]=1/656983/1736340  (335.5s)
  re-seeding cluster 8 (size 1)
  re-seeding cluster 65 (size 1)
iter  9: obj/token=1094.4224  changed=4.8546%  sizes[min/med/max]=1/660300/1709658  (342.2s)
  re-seeding cluster 8 (size 1)
  re-seeding cluster 65 (size 1)
iter 10: obj/token=1088.8671  changed=3.8903%  sizes[min/med/max]=1/666626/1695932  (318.8s)
  re-seeding cluster 8 (size 1)
  re-seeding cluster 65 (size 3)
iter 11: obj/token=1084.8193  changed=3.1981%  sizes[min/med/max]=1/658581/1686683  (340.0s)
  re-seeding cluster 8 (size 1)
  re-seeding cluster 65 (size 1)
iter 12: obj/token=1081.5820  changed=2.6945%  sizes[min/med/max]=1/646627/1671045  (336.8s)
  re-seeding cluster 8 (size 1)
  re-seeding cluster 65 (size 1)
iter 13: obj/token=1079.0073  changed=2.2699%  sizes[min/med/max]=1/637463/1660471  (327.9s)
  re-seeding cluster 8 (size 1)
  re-seeding cluster 65 (size 1)
iter 14: obj/token=1076.9863  changed=1.9483%  sizes[min/med/max]=1/638040/1650157  (347.4s)
  re-seeding cluster 8 (size 1)
  re-seeding cluster 65 (size 1)
iter 15: obj/token=1075.3258  changed=1.7211%  sizes[min/med/max]=1/637386/1636778  (345.4s)
  re-seeding cluster 8 (size 1)
  re-seeding cluster 65 (size 1)
iter 16: obj/token=1073.8246  changed=1.5167%  sizes[min/med/max]=1/637388/1628287  (349.3s)
  re-seeding cluster 8 (size 1)
  re-seeding cluster 65 (size 1)
iter 17: obj/token=1072.4299  changed=1.3288%  sizes[min/med/max]=1/637390/1614236  (348.6s)
  re-seeding cluster 8 (size 1)
  re-seeding cluster 65 (size 1)
iter 18: obj/token=1071.3688  changed=1.1273%  sizes[min/med/max]=1/637389/1594367  (348.7s)
  re-seeding cluster 8 (size 1)
  re-seeding cluster 65 (size 1)
iter 19: obj/token=1070.5929  changed=0.9674%  sizes[min/med/max]=1/637925/1585536  (344.8s)
  re-seeding cluster 8 (size 1)
  re-seeding cluster 65 (size 1)
iter 20: obj/token=1069.9957  changed=0.8771%  sizes[min/med/max]=1/639274/1581365  (348.0s)
  re-seeding cluster 8 (size 1)
  re-seeding cluster 65 (size 1)
iter 21: obj/token=1069.4336  changed=0.7986%  sizes[min/med/max]=1/641088/1580816  (342.0s)
  re-seeding cluster 8 (size 1)
  re-seeding cluster 65 (size 1)
iter 22: obj/token=1068.9300  changed=0.7197%  sizes[min/med/max]=1/643400/1579721  (359.5s)
  re-seeding cluster 8 (size 1)
  re-seeding cluster 65 (size 1)
iter 23: obj/token=1068.5494  changed=0.6494%  sizes[min/med/max]=1/645497/1575612  (349.3s)
  re-seeding cluster 8 (size 1)
  re-seeding cluster 65 (size 1)
iter 24: obj/token=1068.2208  changed=0.6006%  sizes[min/med/max]=1/642180/1574534  (357.4s)
  re-seeding cluster 8 (size 1)
  re-seeding cluster 65 (size 1)
iter 25: obj/token=1067.8992  changed=0.5580%  sizes[min/med/max]=1/646002/1574526  (358.2s)
final: obj/token=1067.6065  changed=0.5227%
Saved model.pt + assignments.pt to subspace_big_d128/
Explained variance ratio (top-128): min=0.000 median=0.806 max=0.887
Total wall time: 143.0 min
Report written to subspace_big_d128/report.md (227 lines)
