[2026-06-25 19:03:43] === seed-sweep driver started (gap=1200s) ===
[2026-06-25 19:03:43] waiting for v6 regen to finish...
[2026-06-25 21:20:18] regen process exited; verifying regenerated model...
v6 model OK: U=(128, 2048, 64) counts==bincount(assignments)=True
[2026-06-25 21:20:21] regenerating v6 reports with fixed code...
Report written to subspace_kmeans_runs/v6_subspace_big_d64/report.md (224 lines)
[2026-06-25 21:21:52]   v6 report.md done
Rendering maps (heatmap=True, coastlines=True)...
  rendered 13 maps in 8.5s
Temporal report written to subspace_kmeans_runs/v6_subspace_big_d64/temporal_report.md (79 lines)
[2026-06-25 21:23:30]   v6 temporal_report.md done
[2026-06-25 21:23:30] === seed 1 -> subspace_kmeans_runs/v7_seed1_d64 (K=128 d=64, --files-from subspace_kmeans_runs/v6_subspace_big_d64/sample.json) ===
Reusing 7000 files from subspace_kmeans_runs/v6_subspace_big_d64/sample.json (--num-files ignored)
Sampling 7000 files x 12288 tokens = 86,016,000 tokens (352.3 GB fp16 in RAM) | sample fingerprint 81dd389c7786
  loaded 100/7000 files (16.7 files/s)
  loaded 200/7000 files (17.7 files/s)
  loaded 300/7000 files (17.8 files/s)
  loaded 400/7000 files (17.8 files/s)
  loaded 500/7000 files (17.9 files/s)
  loaded 600/7000 files (18.0 files/s)
  loaded 700/7000 files (18.2 files/s)
  loaded 800/7000 files (18.3 files/s)
  loaded 900/7000 files (18.3 files/s)
  loaded 1000/7000 files (18.4 files/s)
  loaded 1100/7000 files (18.4 files/s)
  loaded 1200/7000 files (18.4 files/s)
  loaded 1300/7000 files (18.4 files/s)
  loaded 1400/7000 files (18.5 files/s)
  loaded 1500/7000 files (18.5 files/s)
  loaded 1600/7000 files (18.5 files/s)
  loaded 1700/7000 files (18.5 files/s)
  loaded 1800/7000 files (18.6 files/s)
  loaded 1900/7000 files (18.6 files/s)
  loaded 2000/7000 files (18.7 files/s)
  loaded 2100/7000 files (18.7 files/s)
  loaded 2200/7000 files (18.7 files/s)
  loaded 2300/7000 files (18.7 files/s)
  loaded 2400/7000 files (18.7 files/s)
  loaded 2500/7000 files (18.7 files/s)
  loaded 2600/7000 files (18.6 files/s)
  loaded 2700/7000 files (18.5 files/s)
  loaded 2800/7000 files (18.4 files/s)
  loaded 2900/7000 files (18.4 files/s)
  loaded 3000/7000 files (18.4 files/s)
  loaded 3100/7000 files (18.4 files/s)
  loaded 3200/7000 files (18.3 files/s)
  loaded 3300/7000 files (18.3 files/s)
  loaded 3400/7000 files (18.3 files/s)
  loaded 3500/7000 files (18.3 files/s)
  loaded 3600/7000 files (18.2 files/s)
  loaded 3700/7000 files (18.2 files/s)
  loaded 3800/7000 files (18.2 files/s)
  loaded 3900/7000 files (18.2 files/s)
  loaded 4000/7000 files (18.2 files/s)
  loaded 4100/7000 files (18.2 files/s)
  loaded 4200/7000 files (18.2 files/s)
  loaded 4300/7000 files (18.3 files/s)
  loaded 4400/7000 files (18.3 files/s)
  loaded 4500/7000 files (18.3 files/s)
  loaded 4600/7000 files (18.3 files/s)
  loaded 4700/7000 files (18.3 files/s)
  loaded 4800/7000 files (18.3 files/s)
  loaded 4900/7000 files (18.3 files/s)
  loaded 5000/7000 files (18.3 files/s)
  loaded 5100/7000 files (18.3 files/s)
  loaded 5200/7000 files (18.3 files/s)
  loaded 5300/7000 files (18.3 files/s)
  loaded 5400/7000 files (18.3 files/s)
  loaded 5500/7000 files (18.3 files/s)
  loaded 5600/7000 files (18.3 files/s)
  loaded 5700/7000 files (18.3 files/s)
  loaded 5800/7000 files (18.3 files/s)
  loaded 5900/7000 files (18.3 files/s)
  loaded 6000/7000 files (18.3 files/s)
  loaded 6100/7000 files (18.3 files/s)
  loaded 6200/7000 files (18.3 files/s)
  loaded 6300/7000 files (18.2 files/s)
  loaded 6400/7000 files (18.2 files/s)
  loaded 6500/7000 files (18.2 files/s)
  loaded 6600/7000 files (18.2 files/s)
  loaded 6700/7000 files (18.2 files/s)
  loaded 6800/7000 files (18.2 files/s)
  loaded 6900/7000 files (18.2 files/s)
  loaded 7000/7000 files (18.2 files/s)
  re-seeding cluster 13 (size 109)
iter  1: obj/token=7606.3786  changed=100.0000%  sizes[min/med/max]=109/18278/26015684  (94.0s)
iter  2: obj/token=2357.2234  changed=80.2476%  sizes[min/med/max]=7327/448726/4637212  (332.2s)
iter  3: obj/token=2064.4042  changed=42.9158%  sizes[min/med/max]=96907/570791/2414799  (359.5s)
iter  4: obj/token=1992.5244  changed=22.0454%  sizes[min/med/max]=174816/582718/2378153  (382.1s)
iter  5: obj/token=1962.7854  changed=14.6205%  sizes[min/med/max]=202141/606084/2156350  (393.6s)
iter  6: obj/token=1945.1521  changed=10.9720%  sizes[min/med/max]=208597/620379/1948301  (389.2s)
iter  7: obj/token=1933.8601  changed=8.5735%  sizes[min/med/max]=216360/615915/1866215  (389.9s)
iter  8: obj/token=1925.9387  changed=7.0855%  sizes[min/med/max]=219017/618736/1806938  (383.8s)
iter  9: obj/token=1919.8244  changed=5.9519%  sizes[min/med/max]=204263/616217/1767727  (370.4s)
iter 10: obj/token=1915.1856  changed=5.0437%  sizes[min/med/max]=198657/610126/1742895  (379.5s)
iter 11: obj/token=1911.6021  changed=4.3391%  sizes[min/med/max]=204579/599144/1720719  (386.3s)
iter 12: obj/token=1908.8360  changed=3.7851%  sizes[min/med/max]=209341/595470/1702611  (385.2s)
iter 13: obj/token=1906.5542  changed=3.3425%  sizes[min/med/max]=212906/589761/1688384  (384.1s)
iter 14: obj/token=1904.7306  changed=3.0234%  sizes[min/med/max]=215578/590952/1674793  (383.7s)
iter 15: obj/token=1903.1131  changed=2.8050%  sizes[min/med/max]=216608/600452/1667955  (386.2s)
iter 16: obj/token=1901.6420  changed=2.6201%  sizes[min/med/max]=209457/611904/1660332  (377.6s)
iter 17: obj/token=1900.2835  changed=2.4510%  sizes[min/med/max]=203755/613925/1652287  (371.0s)
iter 18: obj/token=1899.1264  changed=2.2743%  sizes[min/med/max]=199846/608955/1644156  (366.6s)
iter 19: obj/token=1898.0985  changed=2.1323%  sizes[min/med/max]=197053/605684/1636944  (386.5s)
iter 20: obj/token=1897.1326  changed=2.0291%  sizes[min/med/max]=194861/604151/1630616  (379.5s)
iter 21: obj/token=1896.1953  changed=1.9324%  sizes[min/med/max]=193232/600237/1626766  (385.5s)
iter 22: obj/token=1895.3104  changed=1.8458%  sizes[min/med/max]=192066/603645/1625825  (381.0s)
iter 23: obj/token=1894.4271  changed=1.7673%  sizes[min/med/max]=191951/602246/1626311  (379.8s)
iter 24: obj/token=1893.6043  changed=1.6459%  sizes[min/med/max]=192225/603577/1627328  (385.9s)
iter 25: obj/token=1892.9427  changed=1.5538%  sizes[min/med/max]=192632/602072/1627985  (384.9s)
final: obj/token=1892.2980  changed=1.4815%
Saved model.pt + assignments.pt to subspace_kmeans_runs/v7_seed1_d64/
Explained variance ratio (top-64): min=0.586 median=0.649 max=0.760
Total wall time: 157.8 min
[2026-06-26 00:08:07]   subspace_kmeans seed 1 exit=0
Report written to subspace_kmeans_runs/v7_seed1_d64/report.md (216 lines)
[2026-06-26 00:09:35]   seed1 report.md done
Rendering maps (heatmap=True, coastlines=True)...
  rendered 13 maps in 8.4s
Temporal report written to subspace_kmeans_runs/v7_seed1_d64/temporal_report.md (79 lines)
[2026-06-26 00:11:12]   seed1 temporal_report.md done
[2026-06-26 00:11:12] spacing 1200s before next seed...
[2026-06-26 00:31:12] === seed 2 -> subspace_kmeans_runs/v8_seed2_d64 (K=128 d=64, --files-from subspace_kmeans_runs/v6_subspace_big_d64/sample.json) ===
Reusing 7000 files from subspace_kmeans_runs/v6_subspace_big_d64/sample.json (--num-files ignored)
Sampling 7000 files x 12288 tokens = 86,016,000 tokens (352.3 GB fp16 in RAM) | sample fingerprint aa5126ce3e0d
  loaded 100/7000 files (17.0 files/s)
  loaded 200/7000 files (17.4 files/s)
  loaded 300/7000 files (17.6 files/s)
  loaded 400/7000 files (17.7 files/s)
  loaded 500/7000 files (17.9 files/s)
  loaded 600/7000 files (17.9 files/s)
  loaded 700/7000 files (17.9 files/s)
  loaded 800/7000 files (18.1 files/s)
  loaded 900/7000 files (18.2 files/s)
  loaded 1000/7000 files (18.2 files/s)
  loaded 1100/7000 files (18.2 files/s)
  loaded 1200/7000 files (18.3 files/s)
  loaded 1300/7000 files (18.4 files/s)
  loaded 1400/7000 files (18.4 files/s)
  loaded 1500/7000 files (18.4 files/s)
  loaded 1600/7000 files (18.4 files/s)
  loaded 1700/7000 files (18.5 files/s)
  loaded 1800/7000 files (18.5 files/s)
  loaded 1900/7000 files (18.5 files/s)
  loaded 2000/7000 files (18.6 files/s)
  loaded 2100/7000 files (18.6 files/s)
  loaded 2200/7000 files (18.6 files/s)
  loaded 2300/7000 files (18.6 files/s)
  loaded 2400/7000 files (18.6 files/s)
  loaded 2500/7000 files (18.6 files/s)
  loaded 2600/7000 files (18.7 files/s)
  loaded 2700/7000 files (18.6 files/s)
  loaded 2800/7000 files (18.5 files/s)
  loaded 2900/7000 files (18.4 files/s)
  loaded 3000/7000 files (18.3 files/s)
  loaded 3100/7000 files (18.3 files/s)
  loaded 3200/7000 files (18.3 files/s)
  loaded 3300/7000 files (18.2 files/s)
  loaded 3400/7000 files (18.2 files/s)
  loaded 3500/7000 files (18.1 files/s)
  loaded 3600/7000 files (18.1 files/s)
  loaded 3700/7000 files (18.0 files/s)
  loaded 3800/7000 files (18.0 files/s)
  loaded 3900/7000 files (18.0 files/s)
  loaded 4000/7000 files (18.0 files/s)
  loaded 4100/7000 files (18.0 files/s)
  loaded 4200/7000 files (18.0 files/s)
  loaded 4300/7000 files (18.0 files/s)
  loaded 4400/7000 files (18.0 files/s)
  loaded 4500/7000 files (17.9 files/s)
  loaded 4600/7000 files (17.8 files/s)
  loaded 4700/7000 files (17.8 files/s)
  loaded 4800/7000 files (17.8 files/s)
  loaded 4900/7000 files (17.8 files/s)
  loaded 5000/7000 files (17.8 files/s)
  loaded 5100/7000 files (17.9 files/s)
  loaded 5200/7000 files (17.9 files/s)
  loaded 5300/7000 files (17.9 files/s)
  loaded 5400/7000 files (17.9 files/s)
  loaded 5500/7000 files (17.9 files/s)
  loaded 5600/7000 files (17.9 files/s)
  loaded 5700/7000 files (18.0 files/s)
  loaded 5800/7000 files (18.0 files/s)
  loaded 5900/7000 files (17.9 files/s)
  loaded 6000/7000 files (17.9 files/s)
  loaded 6100/7000 files (17.9 files/s)
  loaded 6200/7000 files (17.9 files/s)
  loaded 6300/7000 files (17.9 files/s)
  loaded 6400/7000 files (17.9 files/s)
  loaded 6500/7000 files (17.8 files/s)
  loaded 6600/7000 files (17.8 files/s)
  loaded 6700/7000 files (17.8 files/s)
  loaded 6800/7000 files (17.8 files/s)
  loaded 6900/7000 files (17.8 files/s)
  loaded 7000/7000 files (17.8 files/s)
iter  1: obj/token=7414.8633  changed=100.0000%  sizes[min/med/max]=301/12412/35852088  (244.2s)
iter  2: obj/token=2406.7662  changed=77.0259%  sizes[min/med/max]=10909/405077/8970464  (345.9s)
iter  3: obj/token=2076.6395  changed=47.4009%  sizes[min/med/max]=124957/573639/2296573  (353.1s)
iter  4: obj/token=1996.4848  changed=23.1753%  sizes[min/med/max]=167076/579686/2109746  (370.3s)
iter  5: obj/token=1964.6075  changed=15.1244%  sizes[min/med/max]=232104/578176/1974343  (361.6s)
iter  6: obj/token=1946.0697  changed=11.1954%  sizes[min/med/max]=239253/600413/1890775  (371.6s)
iter  7: obj/token=1934.5114  changed=8.7986%  sizes[min/med/max]=242395/597635/1867794  (363.5s)
iter  8: obj/token=1926.5085  changed=7.2307%  sizes[min/med/max]=242834/610001/1852679  (380.9s)
iter  9: obj/token=1920.3927  changed=6.1204%  sizes[min/med/max]=242547/621348/1863539  (365.1s)
iter 10: obj/token=1915.4992  changed=5.2814%  sizes[min/med/max]=241325/624731/1877599  (376.8s)
iter 11: obj/token=1911.6468  changed=4.5867%  sizes[min/med/max]=240251/632216/1885874  (367.9s)
iter 12: obj/token=1908.5181  changed=4.0874%  sizes[min/med/max]=239867/634882/1900734  (380.1s)
iter 13: obj/token=1905.8215  changed=3.7180%  sizes[min/med/max]=240808/638607/1916290  (362.9s)
iter 14: obj/token=1903.4527  changed=3.4062%  sizes[min/med/max]=242178/645987/1923451  (378.4s)
iter 15: obj/token=1901.3325  changed=3.1341%  sizes[min/med/max]=244741/652931/1931431  (365.6s)
iter 16: obj/token=1899.4252  changed=2.8837%  sizes[min/med/max]=248024/652427/1937522  (376.8s)
iter 17: obj/token=1897.7481  changed=2.6757%  sizes[min/med/max]=242921/649596/1944732  (363.3s)
iter 18: obj/token=1896.1726  changed=2.4794%  sizes[min/med/max]=232709/648086/1947283  (374.8s)
iter 19: obj/token=1894.7287  changed=2.2737%  sizes[min/med/max]=240502/643537/1937912  (366.3s)
iter 20: obj/token=1893.5403  changed=2.1097%  sizes[min/med/max]=245635/642177/1930197  (369.5s)
iter 21: obj/token=1892.4760  changed=1.9918%  sizes[min/med/max]=243364/641260/1928367  (366.5s)
iter 22: obj/token=1891.3662  changed=1.8795%  sizes[min/med/max]=241706/640894/1922329  (364.4s)
iter 23: obj/token=1890.3217  changed=1.7446%  sizes[min/med/max]=240025/641291/1919085  (371.3s)
iter 24: obj/token=1889.4978  changed=1.5810%  sizes[min/med/max]=238120/644245/1918478  (382.2s)
iter 25: obj/token=1888.8193  changed=1.4304%  sizes[min/med/max]=236222/648343/1918305  (382.5s)
final: obj/token=1888.2424  changed=1.3204%
Saved model.pt + assignments.pt to subspace_kmeans_runs/v8_seed2_d64/
Explained variance ratio (top-64): min=0.585 median=0.648 max=0.786
Total wall time: 156.4 min
[2026-06-26 03:14:36]   subspace_kmeans seed 2 exit=0
Report written to subspace_kmeans_runs/v8_seed2_d64/report.md (216 lines)
[2026-06-26 03:16:04]   seed2 report.md done
Rendering maps (heatmap=True, coastlines=True)...
  rendered 13 maps in 8.1s
Temporal report written to subspace_kmeans_runs/v8_seed2_d64/temporal_report.md (79 lines)
[2026-06-26 03:17:41]   seed2 temporal_report.md done
[2026-06-26 03:17:41] === seed-sweep COMPLETE ===
