Sampling 1500 files x 12288 tokens = 18,432,000 tokens (75.5 GB fp16 in RAM)
  loaded 100/1500 files (19.7 files/s)
  loaded 200/1500 files (18.7 files/s)
  loaded 300/1500 files (18.5 files/s)
  loaded 400/1500 files (18.1 files/s)
  loaded 500/1500 files (18.1 files/s)
  loaded 600/1500 files (17.9 files/s)
  loaded 700/1500 files (18.0 files/s)
  loaded 800/1500 files (17.9 files/s)
  loaded 900/1500 files (17.7 files/s)
  loaded 1000/1500 files (17.6 files/s)
  loaded 1100/1500 files (17.6 files/s)
  loaded 1200/1500 files (17.7 files/s)
  loaded 1300/1500 files (17.7 files/s)
  loaded 1400/1500 files (17.7 files/s)
  loaded 1500/1500 files (17.7 files/s)
iter  1: obj/token=8056.0072  changed=100.0000%  sizes[min/med/max]=153/26278/5261611  (21.3s)
iter  2: obj/token=3867.6007  changed=65.4753%  sizes[min/med/max]=6139/203986/1529903  (15.0s)
iter  3: obj/token=3662.9951  changed=40.0212%  sizes[min/med/max]=36265/252332/924498  (13.3s)
iter  4: obj/token=3589.3100  changed=23.3394%  sizes[min/med/max]=78771/259472/989734  (13.9s)
iter  5: obj/token=3556.0349  changed=16.2373%  sizes[min/med/max]=93768/261975/967585  (13.8s)
iter  6: obj/token=3537.2517  changed=12.5897%  sizes[min/med/max]=102951/259917/913302  (13.9s)
iter  7: obj/token=3524.0997  changed=10.3974%  sizes[min/med/max]=109800/261547/854765  (13.9s)
iter  8: obj/token=3513.8622  changed=8.7329%  sizes[min/med/max]=114951/254748/802072  (16.4s)
iter  9: obj/token=3506.5367  changed=7.3389%  sizes[min/med/max]=118064/250776/757457  (14.3s)
iter 10: obj/token=3501.6013  changed=6.1592%  sizes[min/med/max]=119088/255871/725064  (14.3s)
iter 11: obj/token=3497.9153  changed=5.2804%  sizes[min/med/max]=119722/259866/700389  (15.4s)
iter 12: obj/token=3495.0715  changed=4.5961%  sizes[min/med/max]=120554/259792/681003  (15.0s)
iter 13: obj/token=3492.8332  changed=4.0317%  sizes[min/med/max]=120897/259674/665461  (16.3s)
iter 14: obj/token=3491.0987  changed=3.5828%  sizes[min/med/max]=121062/259905/652968  (16.1s)
iter 15: obj/token=3489.6815  changed=3.2207%  sizes[min/med/max]=121268/263821/642510  (16.8s)
iter 16: obj/token=3488.5183  changed=2.9252%  sizes[min/med/max]=121531/263451/633881  (16.2s)
iter 17: obj/token=3487.5353  changed=2.6924%  sizes[min/med/max]=121847/263062/626253  (17.9s)
iter 18: obj/token=3486.7040  changed=2.4860%  sizes[min/med/max]=122414/263282/619300  (16.3s)
iter 19: obj/token=3485.9796  changed=2.3030%  sizes[min/med/max]=123185/264082/613110  (17.3s)
iter 20: obj/token=3485.3439  changed=2.1355%  sizes[min/med/max]=123901/264017/607460  (16.1s)
iter 21: obj/token=3484.8003  changed=1.9839%  sizes[min/med/max]=124697/264480/602101  (15.8s)
iter 22: obj/token=3484.3331  changed=1.8389%  sizes[min/med/max]=125243/265117/597422  (15.4s)
iter 23: obj/token=3483.9351  changed=1.7170%  sizes[min/med/max]=125737/265756/592889  (15.8s)
iter 24: obj/token=3483.5795  changed=1.6105%  sizes[min/med/max]=126322/266024/588483  (16.6s)
iter 25: obj/token=3483.2692  changed=1.5162%  sizes[min/med/max]=126764/266476/584417  (17.0s)
final: obj/token=3483.0033  changed=1.4330%
Saved model.pt + assignments.pt to subspace_out/
Explained variance ratio (top-16): min=0.294 median=0.354 max=0.488
Total wall time: 6.7 min
