Reusing 7000 files from subspace_big_i100/sample.json (--num-files ignored)
Sampling 7000 files x 12288 tokens = 86,016,000 tokens (352.3 GB fp16 in RAM) | sample fingerprint 82ca602ed7e7
  loaded 100/7000 files (17.1 files/s)
  loaded 200/7000 files (17.9 files/s)
  loaded 300/7000 files (18.2 files/s)
  loaded 400/7000 files (18.3 files/s)
  loaded 500/7000 files (18.3 files/s)
  loaded 600/7000 files (18.6 files/s)
  loaded 700/7000 files (18.6 files/s)
  loaded 800/7000 files (18.7 files/s)
  loaded 900/7000 files (18.8 files/s)
  loaded 1000/7000 files (18.8 files/s)
  loaded 1100/7000 files (18.8 files/s)
  loaded 1200/7000 files (18.9 files/s)
  loaded 1300/7000 files (18.9 files/s)
  loaded 1400/7000 files (19.0 files/s)
  loaded 1500/7000 files (18.9 files/s)
  loaded 1600/7000 files (18.9 files/s)
  loaded 1700/7000 files (19.0 files/s)
  loaded 1800/7000 files (18.9 files/s)
  loaded 1900/7000 files (18.9 files/s)
  loaded 2000/7000 files (19.0 files/s)
  loaded 2100/7000 files (18.9 files/s)
  loaded 2200/7000 files (19.0 files/s)
  loaded 2300/7000 files (19.0 files/s)
  loaded 2400/7000 files (19.0 files/s)
  loaded 2500/7000 files (19.0 files/s)
  loaded 2600/7000 files (18.9 files/s)
  loaded 2700/7000 files (18.8 files/s)
  loaded 2800/7000 files (18.8 files/s)
  loaded 2900/7000 files (18.7 files/s)
  loaded 3000/7000 files (18.7 files/s)
  loaded 3100/7000 files (18.6 files/s)
  loaded 3200/7000 files (18.6 files/s)
  loaded 3300/7000 files (18.6 files/s)
  loaded 3400/7000 files (18.6 files/s)
  loaded 3500/7000 files (18.5 files/s)
  loaded 3600/7000 files (18.5 files/s)
  loaded 3700/7000 files (18.5 files/s)
  loaded 3800/7000 files (18.5 files/s)
  loaded 3900/7000 files (18.5 files/s)
  loaded 4000/7000 files (18.5 files/s)
  loaded 4100/7000 files (18.5 files/s)
  loaded 4200/7000 files (18.5 files/s)
  loaded 4300/7000 files (18.5 files/s)
  loaded 4400/7000 files (18.5 files/s)
  loaded 4500/7000 files (18.6 files/s)
  loaded 4600/7000 files (18.6 files/s)
  loaded 4700/7000 files (18.5 files/s)
  loaded 4800/7000 files (18.5 files/s)
  loaded 4900/7000 files (18.5 files/s)
  loaded 5000/7000 files (18.5 files/s)
  loaded 5100/7000 files (18.4 files/s)
  loaded 5200/7000 files (18.4 files/s)
  loaded 5300/7000 files (18.4 files/s)
  loaded 5400/7000 files (18.4 files/s)
  loaded 5500/7000 files (18.4 files/s)
  loaded 5600/7000 files (18.4 files/s)
  loaded 5700/7000 files (18.4 files/s)
  loaded 5800/7000 files (18.4 files/s)
  loaded 5900/7000 files (18.4 files/s)
  loaded 6000/7000 files (18.4 files/s)
  loaded 6100/7000 files (18.4 files/s)
  loaded 6200/7000 files (18.4 files/s)
  loaded 6300/7000 files (18.4 files/s)
  loaded 6400/7000 files (18.3 files/s)
  loaded 6500/7000 files (18.3 files/s)
  loaded 6600/7000 files (18.3 files/s)
  loaded 6700/7000 files (18.3 files/s)
  loaded 6800/7000 files (18.3 files/s)
  loaded 6900/7000 files (18.3 files/s)
  loaded 7000/7000 files (18.3 files/s)
  re-seeding cluster 65 (size 127)
iter  1: obj/token=7659.1961  changed=100.0000%  sizes[min/med/max]=127/39715/23702502  (78.9s)
  re-seeding cluster 65 (size 1)
iter  2: obj/token=2341.2244  changed=77.5766%  sizes[min/med/max]=1/506587/3982684  (131.7s)
  re-seeding cluster 65 (size 1)
iter  3: obj/token=2061.0850  changed=41.5411%  sizes[min/med/max]=1/628084/2322971  (155.4s)
  re-seeding cluster 65 (size 2)
iter  4: obj/token=1986.3266  changed=22.3206%  sizes[min/med/max]=2/628505/1931379  (163.3s)
  re-seeding cluster 65 (size 1)
iter  5: obj/token=1956.4847  changed=14.4512%  sizes[min/med/max]=1/619950/1857788  (166.1s)
  re-seeding cluster 65 (size 1)
iter  6: obj/token=1940.5421  changed=10.4964%  sizes[min/med/max]=1/622162/1826473  (164.3s)
  re-seeding cluster 65 (size 1)
iter  7: obj/token=1930.4517  changed=8.2836%  sizes[min/med/max]=1/624601/1805881  (167.5s)
  re-seeding cluster 65 (size 1)
iter  8: obj/token=1923.2558  changed=6.8561%  sizes[min/med/max]=1/624328/1786130  (167.2s)
  re-seeding cluster 65 (size 1)
iter  9: obj/token=1917.8902  changed=5.7783%  sizes[min/med/max]=1/629628/1773980  (161.2s)
  re-seeding cluster 65 (size 2)
iter 10: obj/token=1913.5477  changed=5.0202%  sizes[min/med/max]=2/635673/1756582  (182.6s)
  re-seeding cluster 65 (size 1)
iter 11: obj/token=1909.8841  changed=4.4017%  sizes[min/med/max]=1/632733/1746648  (163.0s)
  re-seeding cluster 65 (size 1)
iter 12: obj/token=1906.8773  changed=3.8713%  sizes[min/med/max]=1/636942/1742497  (165.6s)
  re-seeding cluster 65 (size 1)
iter 13: obj/token=1904.3590  changed=3.4544%  sizes[min/med/max]=1/636369/1733463  (170.6s)
  re-seeding cluster 65 (size 1)
iter 14: obj/token=1902.1440  changed=3.1359%  sizes[min/med/max]=1/643633/1725030  (165.0s)
  re-seeding cluster 65 (size 1)
iter 15: obj/token=1900.2804  changed=2.8507%  sizes[min/med/max]=1/646360/1710312  (175.4s)
  re-seeding cluster 65 (size 1)
iter 16: obj/token=1898.6322  changed=2.6235%  sizes[min/med/max]=1/652370/1686483  (172.6s)
  re-seeding cluster 65 (size 1)
iter 17: obj/token=1897.1282  changed=2.4380%  sizes[min/med/max]=1/658630/1657545  (177.4s)
  re-seeding cluster 65 (size 1)
iter 18: obj/token=1895.7750  changed=2.2474%  sizes[min/med/max]=1/662461/1632698  (173.3s)
  re-seeding cluster 65 (size 1)
iter 19: obj/token=1894.6785  changed=2.0778%  sizes[min/med/max]=1/662814/1604940  (172.7s)
  re-seeding cluster 65 (size 1)
iter 20: obj/token=1893.6866  changed=1.9553%  sizes[min/med/max]=1/664062/1567931  (175.6s)
  re-seeding cluster 65 (size 5)
iter 21: obj/token=1892.7485  changed=1.8397%  sizes[min/med/max]=5/667301/1539840  (180.4s)
  re-seeding cluster 65 (size 1)
iter 22: obj/token=1891.8940  changed=1.7277%  sizes[min/med/max]=1/672031/1519600  (175.5s)
  re-seeding cluster 65 (size 1)
iter 23: obj/token=1891.0919  changed=1.6745%  sizes[min/med/max]=1/672896/1479179  (171.5s)
  re-seeding cluster 65 (size 1)
iter 24: obj/token=1890.2610  changed=1.5806%  sizes[min/med/max]=1/669198/1478181  (172.7s)
  re-seeding cluster 65 (size 1)
iter 25: obj/token=1889.6640  changed=1.4943%  sizes[min/med/max]=1/668359/1478198  (178.4s)
final: obj/token=1889.0779  changed=1.4436%
Saved model.pt + assignments.pt to subspace_big_d64/
Explained variance ratio (top-64): min=0.000 median=0.649 max=0.781
Total wall time: 71.1 min
Report written to subspace_big_d64/report.md (227 lines)
