Reusing 7000 files from subspace_kmeans_runs/v2_subspace_big/sample.json (--num-files ignored)
Sampling 7000 files x 12288 tokens = 86,016,000 tokens (352.3 GB fp16 in RAM) | sample fingerprint 82ca602ed7e7
  loaded 100/7000 files (18.6 files/s)
  loaded 200/7000 files (18.5 files/s)
  loaded 300/7000 files (18.3 files/s)
  loaded 400/7000 files (18.3 files/s)
  loaded 500/7000 files (18.4 files/s)
  loaded 600/7000 files (18.5 files/s)
  loaded 700/7000 files (18.6 files/s)
  loaded 800/7000 files (18.5 files/s)
  loaded 900/7000 files (18.6 files/s)
  loaded 1000/7000 files (18.6 files/s)
  loaded 1100/7000 files (18.7 files/s)
  loaded 1200/7000 files (18.8 files/s)
  loaded 1300/7000 files (18.8 files/s)
  loaded 1400/7000 files (18.8 files/s)
  loaded 1500/7000 files (18.8 files/s)
  loaded 1600/7000 files (18.9 files/s)
  loaded 1700/7000 files (18.9 files/s)
  loaded 1800/7000 files (18.9 files/s)
  loaded 1900/7000 files (18.9 files/s)
  loaded 2000/7000 files (18.9 files/s)
  loaded 2100/7000 files (18.9 files/s)
  loaded 2200/7000 files (18.9 files/s)
  loaded 2300/7000 files (18.9 files/s)
  loaded 2400/7000 files (18.8 files/s)
  loaded 2500/7000 files (18.8 files/s)
  loaded 2600/7000 files (18.8 files/s)
  loaded 2700/7000 files (18.7 files/s)
  loaded 2800/7000 files (18.6 files/s)
  loaded 2900/7000 files (18.6 files/s)
  loaded 3000/7000 files (18.5 files/s)
  loaded 3100/7000 files (18.5 files/s)
  loaded 3200/7000 files (18.5 files/s)
  loaded 3300/7000 files (18.4 files/s)
  loaded 3400/7000 files (18.4 files/s)
  loaded 3500/7000 files (18.4 files/s)
  loaded 3600/7000 files (18.3 files/s)
  loaded 3700/7000 files (18.3 files/s)
  loaded 3800/7000 files (18.3 files/s)
  loaded 3900/7000 files (18.3 files/s)
  loaded 4000/7000 files (18.3 files/s)
  loaded 4100/7000 files (18.3 files/s)
  loaded 4200/7000 files (18.3 files/s)
  loaded 4300/7000 files (18.3 files/s)
  loaded 4400/7000 files (18.3 files/s)
  loaded 4500/7000 files (18.3 files/s)
  loaded 4600/7000 files (18.3 files/s)
  loaded 4700/7000 files (18.3 files/s)
  loaded 4800/7000 files (18.3 files/s)
  loaded 4900/7000 files (18.3 files/s)
  loaded 5000/7000 files (18.3 files/s)
  loaded 5100/7000 files (18.3 files/s)
  loaded 5200/7000 files (18.3 files/s)
  loaded 5300/7000 files (18.3 files/s)
  loaded 5400/7000 files (18.3 files/s)
  loaded 5500/7000 files (18.3 files/s)
  loaded 5600/7000 files (18.3 files/s)
  loaded 5700/7000 files (18.2 files/s)
  loaded 5800/7000 files (18.2 files/s)
  loaded 5900/7000 files (18.2 files/s)
  loaded 6000/7000 files (18.2 files/s)
  loaded 6100/7000 files (18.2 files/s)
  loaded 6200/7000 files (18.2 files/s)
  loaded 6300/7000 files (18.2 files/s)
  loaded 6400/7000 files (18.2 files/s)
  loaded 6500/7000 files (18.2 files/s)
  loaded 6600/7000 files (18.2 files/s)
  loaded 6700/7000 files (18.2 files/s)
  loaded 6800/7000 files (18.2 files/s)
  loaded 6900/7000 files (18.2 files/s)
  loaded 7000/7000 files (18.2 files/s)
  re-seeding cluster 65 (size 127)
iter  1: obj/token=7659.1961  changed=100.0000%  sizes[min/med/max]=127/39715/23702502  (81.6s)
iter  2: obj/token=2341.2232  changed=78.7900%  sizes[min/med/max]=10159/518290/3926862  (260.7s)
iter  3: obj/token=2060.4705  changed=41.5276%  sizes[min/med/max]=61340/632193/2322919  (324.4s)
iter  4: obj/token=1985.8809  changed=22.3397%  sizes[min/med/max]=126507/627505/1931178  (335.5s)
iter  5: obj/token=1956.0872  changed=14.4784%  sizes[min/med/max]=167980/618351/1857619  (329.5s)
iter  6: obj/token=1940.0166  changed=10.5525%  sizes[min/med/max]=183034/616422/1826365  (324.5s)
iter  7: obj/token=1929.7685  changed=8.3342%  sizes[min/med/max]=195648/620233/1805857  (345.6s)
iter  8: obj/token=1922.4744  changed=6.9049%  sizes[min/med/max]=197386/618173/1786274  (366.8s)
iter  9: obj/token=1917.0223  changed=5.8126%  sizes[min/med/max]=208298/625981/1774344  (362.8s)
iter 10: obj/token=1912.6574  changed=5.0291%  sizes[min/med/max]=226272/632902/1757146  (359.5s)
iter 11: obj/token=1908.9465  changed=4.4102%  sizes[min/med/max]=228819/630323/1746603  (365.8s)
iter 12: obj/token=1905.9027  changed=3.9073%  sizes[min/med/max]=227578/632186/1741665  (360.6s)
iter 13: obj/token=1903.3049  changed=3.5052%  sizes[min/med/max]=225997/631890/1734123  (361.9s)
iter 14: obj/token=1901.0570  changed=3.1942%  sizes[min/med/max]=226654/639183/1724183  (358.7s)
iter 15: obj/token=1899.0571  changed=2.9409%  sizes[min/med/max]=234905/646229/1707514  (365.8s)
iter 16: obj/token=1897.2774  changed=2.6860%  sizes[min/med/max]=238568/651829/1683719  (366.4s)
iter 17: obj/token=1895.7942  changed=2.4517%  sizes[min/med/max]=236630/658180/1655101  (362.8s)
iter 18: obj/token=1894.4868  changed=2.2364%  sizes[min/med/max]=235052/662268/1630741  (370.6s)
iter 19: obj/token=1893.4029  changed=2.0758%  sizes[min/med/max]=233230/662787/1602085  (363.6s)
iter 20: obj/token=1892.4397  changed=1.9569%  sizes[min/med/max]=231244/664062/1564526  (368.4s)
iter 21: obj/token=1891.5631  changed=1.8393%  sizes[min/med/max]=229662/667034/1537811  (365.8s)
iter 22: obj/token=1890.7199  changed=1.7533%  sizes[min/med/max]=228719/664372/1506551  (367.2s)
iter 23: obj/token=1889.8843  changed=1.6829%  sizes[min/med/max]=229007/664525/1478192  (367.9s)
iter 24: obj/token=1889.1385  changed=1.5962%  sizes[min/med/max]=228983/661524/1478190  (366.4s)
iter 25: obj/token=1888.5121  changed=1.5517%  sizes[min/med/max]=227886/659497/1478211  (367.8s)
final: obj/token=1887.8253  changed=1.5158%
Saved model.pt + assignments.pt to subspace_kmeans_runs/v6_subspace_big_d64/
Explained variance ratio (top-64): min=0.590 median=0.648 max=0.782
Total wall time: 147.4 min
